2020-10-27 00:22:38,012 - Caesar - INFO - Программа запущена
2020-10-27 00:22:48,098 - Caesar - INFO - Пользователь выбрал действие 1
2020-10-27 00:22:49,679 - Caesar - INFO - Пользователь выбрал алфавит 1
2020-10-27 00:22:57,180 - Caesar - INFO - Исходная строка: логирование
2020-10-27 00:22:58,200 - Caesar - INFO - Пользователь выбрал сдвиг алфавита 3
2020-10-27 00:22:58,201 - Caesar - INFO - Результат работы программы: осёлусегрлз
2020-10-27 00:22:58,201 - Caesar - INFO - Завершение программы
2020-10-27 00:22:58,202 - Caesar - INFO - Программа запущена
2020-10-27 00:23:01,728 - Caesar - INFO - Пользователь выбрал действие 2
2020-10-27 00:23:03,573 - Caesar - INFO - Пользователь выбрал алфавит 1
2020-10-27 00:23:13,346 - Caesar - INFO - Исходная строка: осёлусегрлз
2020-10-27 00:23:14,434 - Caesar - INFO - Пользователь выбрал сдвиг алфавита 3
2020-10-27 00:23:14,434 - Caesar - INFO - Результат работы программы: логирование
2020-10-27 00:23:14,435 - Caesar - INFO - Завершение программы
2020-10-27 00:23:14,435 - Caesar - INFO - Программа запущена
2020-10-27 00:23:29,653 - Caesar - INFO - Пользователь ввёл неверный символ при выборе действия
2020-10-27 00:23:29,654 - Caesar - INFO - Программа запущена
2020-10-27 00:23:34,832 - Caesar - INFO - Пользователь выбрал действие 1
2020-10-27 00:23:37,801 - Caesar - INFO - Пользователь ввёл неверный символ при выборе алфавита
2020-10-27 00:23:39,688 - Caesar - INFO - Пользователь выбрал алфавит 2
2020-10-27 00:23:43,451 - Caesar - INFO - Исходная строка: log
2020-10-27 00:23:44,761 - Caesar - INFO - Пользователь выбрал сдвиг алфавита 2
2020-10-27 00:23:44,762 - Caesar - INFO - Результат работы программы: nqi
2020-10-27 00:23:44,762 - Caesar - INFO - Завершение программы
2020-10-27 00:23:44,762 - Caesar - INFO - Программа запущена
2020-10-27 00:23:49,003 - Caesar - INFO - Пользователь выбрал действие 2
2020-10-27 00:23:56,017 - Caesar - INFO - Пользователь ввёл неверный символ при выборе алфавита
2020-10-27 00:24:03,379 - Caesar - INFO - Пользователь выбрал алфавит 2
2020-10-27 00:24:07,865 - Caesar - INFO - Исходная строка: nqi
2020-10-27 00:24:15,480 - Caesar - INFO - Пользователь ввёл неверный символ при вводе ключа
2020-10-27 00:24:18,503 - Caesar - INFO - Пользователь выбрал сдвиг алфавита 2
2020-10-27 00:24:18,504 - Caesar - INFO - Результат работы программы: log
2020-10-27 00:24:18,505 - Caesar - INFO - Завершение программы
2020-10-27 00:24:18,505 - Caesar - INFO - Программа запущена
2020-10-27 00:24:23,575 - Caesar - INFO - Пользователь выбрал действие 1
2020-10-27 00:24:28,317 - Caesar - INFO - Пользователь выбрал алфавит 1
2020-10-27 00:25:08,043 - Caesar - INFO - Исходная строка: как сломать программу
2020-10-27 00:25:11,178 - Caesar - INFO - Пользователь выбрал сдвиг алфавита 1
2020-10-27 00:25:11,179 - Caesar - INFO - Результат работы программы: лбл тмпнбуэ рспдсбннф
2020-10-27 00:25:11,179 - Caesar - INFO - Завершение программы
2020-10-27 00:25:11,179 - Caesar - INFO - Программа запущена
2020-10-27 00:25:25,187 - Caesar - INFO - Пользователь выбрал действие 1
2020-10-27 00:25:26,209 - Caesar - INFO - Пользователь выбрал алфавит 1
2020-10-27 00:25:29,494 - Caesar - INFO - Исходная строка: придумал
2020-10-27 00:25:31,181 - Caesar - INFO - Пользователь выбрал сдвиг алфавита 3
2020-10-27 00:25:31,182 - Caesar - INFO - Результат работы программы: тулжцпго
2020-10-27 00:25:31,183 - Caesar - INFO - Завершение программы
2020-10-27 00:25:31,183 - Caesar - INFO - Программа запущена
2020-10-27 00:25:34,949 - Caesar - INFO - Пользователь выбрал действие 1
2020-10-27 00:25:37,316 - Caesar - INFO - Пользователь выбрал алфавит 1
2020-10-27 00:26:12,333 - Caesar - INFO - Исходная строка: break
2020-10-27 00:26:14,100 - Caesar - INFO - Пользователь выбрал сдвиг алфавита 2
2020-10-27 00:26:14,101 - Caesar - INFO - Результат работы программы: break
2020-10-27 00:26:14,101 - Caesar - INFO - Завершение программы
2020-10-27 00:26:14,101 - Caesar - INFO - Программа запущена
2020-10-27 00:26:14,101 - Caesar - INFO - Программа остановлена